<?xml version="1.0" encoding="UTF-8"?>
<!-- Generated by org.testng.reporters.JUnitReportReporter -->
<testsuite hostname="Appscrip" failures="0" tests="1" name="app.tfm.automation.tests.ui.LoginTest" time="23.835" errors="0" timestamp="2025-09-20T17:26:20 IST" skipped="0">
  <testcase classname="app.tfm.automation.tests.ui.LoginTest" name="checkOutFlow" time="23.835"/>
</testsuite> <!-- app.tfm.automation.tests.ui.LoginTest -->
