<?xml version="1.0" encoding="UTF-8"?>
<!-- Generated by org.testng.reporters.JUnitReportReporter -->
<testsuite hostname="Appscrip" failures="0" tests="2" name="app.tfm.automation.tests.ui.SampleTest" time="78.847" errors="0" timestamp="2025-09-20T19:09:10 IST" skipped="0">
  <testcase classname="app.tfm.automation.tests.ui.SampleTest" name="checkOutFlow" time="46.123"/>
  <testcase classname="app.tfm.automation.tests.ui.SampleTest" name="checkOutFlow" time="32.724"/>
</testsuite> <!-- app.tfm.automation.tests.ui.SampleTest -->
