<?xml version="1.0" encoding="UTF-8"?>
<!-- Generated by org.testng.reporters.JUnitReportReporter -->
<testsuite hostname="Appscrip" failures="0" tests="2" name="app.tfm.automation.tests.ui.SampleTest" time="70.876" errors="0" timestamp="2025-09-20T18:07:39 IST" skipped="0">
  <testcase classname="app.tfm.automation.tests.ui.SampleTest" name="checkOutFlow" time="43.088"/>
  <testcase classname="app.tfm.automation.tests.ui.SampleTest" name="checkOutFlow" time="27.788"/>
</testsuite> <!-- app.tfm.automation.tests.ui.SampleTest -->
